<?xml version="1.0" encoding="UTF-8"?>
<testsuite xmlns:xsi="http://www.w3.org/2001/XMLSchema-instance" xsi:noNamespaceSchemaLocation="https://maven.apache.org/surefire/maven-surefire-plugin/xsd/surefire-test-report.xsd" name="com.lhq.ImSysApplicationTests" time="8.605" tests="1" errors="0" skipped="0" failures="0">
  <properties>
    <property name="sun.desktop" value="windows"/>
    <property name="awt.toolkit" value="sun.awt.windows.WToolkit"/>
    <property name="file.encoding.pkg" value="sun.io"/>
    <property name="java.specification.version" value="1.8"/>
    <property name="sun.cpu.isalist" value="amd64"/>
    <property name="sun.jnu.encoding" value="GBK"/>
    <property name="java.class.path" value="D:\bilili-springboot\im_sys\target\test-classes;D:\bilili-springboot\im_sys\target\classes;D:\maven-repositiry\org\springframework\boot\spring-boot-devtools\2.3.3.RELEASE\spring-boot-devtools-2.3.3.RELEASE.jar;D:\maven-repositiry\org\springframework\boot\spring-boot\2.3.3.RELEASE\spring-boot-2.3.3.RELEASE.jar;D:\maven-repositiry\org\springframework\boot\spring-boot-autoconfigure\2.3.3.RELEASE\spring-boot-autoconfigure-2.3.3.RELEASE.jar;D:\maven-repositiry\com\github\tobato\fastdfs-client\1.27.2\fastdfs-client-1.27.2.jar;D:\maven-repositiry\org\slf4j\slf4j-api\1.7.30\slf4j-api-1.7.30.jar;D:\maven-repositiry\org\slf4j\jcl-over-slf4j\1.7.30\jcl-over-slf4j-1.7.30.jar;D:\maven-repositiry\ch\qos\logback\logback-classic\1.2.3\logback-classic-1.2.3.jar;D:\maven-repositiry\ch\qos\logback\logback-core\1.2.3\logback-core-1.2.3.jar;D:\maven-repositiry\org\apache\commons\commons-lang3\3.10\commons-lang3-3.10.jar;D:\maven-repositiry\commons-beanutils\commons-beanutils\1.9.3\commons-beanutils-1.9.3.jar;D:\maven-repositiry\commons-collections\commons-collections\3.2.2\commons-collections-3.2.2.jar;D:\maven-repositiry\commons-io\commons-io\2.4\commons-io-2.4.jar;D:\maven-repositiry\org\apache\commons\commons-pool2\2.8.1\commons-pool2-2.8.1.jar;D:\maven-repositiry\org\springframework\spring-core\5.2.8.RELEASE\spring-core-5.2.8.RELEASE.jar;D:\maven-repositiry\org\springframework\spring-jcl\5.2.8.RELEASE\spring-jcl-5.2.8.RELEASE.jar;D:\maven-repositiry\org\hibernate\validator\hibernate-validator\6.1.5.Final\hibernate-validator-6.1.5.Final.jar;D:\maven-repositiry\jakarta\validation\jakarta.validation-api\2.0.2\jakarta.validation-api-2.0.2.jar;D:\maven-repositiry\org\jboss\logging\jboss-logging\3.4.1.Final\jboss-logging-3.4.1.Final.jar;D:\maven-repositiry\com\fasterxml\classmate\1.5.1\classmate-1.5.1.jar;D:\maven-repositiry\org\springframework\spring-context\5.2.8.RELEASE\spring-context-5.2.8.RELEASE.jar;D:\maven-repositiry\org\springframework\spring-aop\5.2.8.RELEASE\spring-aop-5.2.8.RELEASE.jar;D:\maven-repositiry\org\springframework\spring-beans\5.2.8.RELEASE\spring-beans-5.2.8.RELEASE.jar;D:\maven-repositiry\org\springframework\spring-expression\5.2.8.RELEASE\spring-expression-5.2.8.RELEASE.jar;D:\maven-repositiry\net\coobird\thumbnailator\0.4.8\thumbnailator-0.4.8.jar;D:\maven-repositiry\com\google\zxing\javase\3.3.0\javase-3.3.0.jar;D:\maven-repositiry\com\google\zxing\core\3.3.0\core-3.3.0.jar;D:\maven-repositiry\com\beust\jcommander\1.48\jcommander-1.48.jar;D:\maven-repositiry\com\github\jai-imageio\jai-imageio-core\1.3.1\jai-imageio-core-1.3.1.jar;D:\maven-repositiry\com\alibaba\druid\1.1.21\druid-1.1.21.jar;D:\maven-repositiry\javax\servlet\javax.servlet-api\4.0.1\javax.servlet-api-4.0.1.jar;D:\maven-repositiry\javax\servlet\jstl\1.2\jstl-1.2.jar;D:\maven-repositiry\org\apache\tomcat\embed\tomcat-embed-jasper\9.0.37\tomcat-embed-jasper-9.0.37.jar;D:\maven-repositiry\org\apache\tomcat\embed\tomcat-embed-core\9.0.37\tomcat-embed-core-9.0.37.jar;D:\maven-repositiry\org\apache\tomcat\tomcat-annotations-api\9.0.37\tomcat-annotations-api-9.0.37.jar;D:\maven-repositiry\org\apache\tomcat\embed\tomcat-embed-el\9.0.37\tomcat-embed-el-9.0.37.jar;D:\maven-repositiry\org\eclipse\jdt\ecj\3.18.0\ecj-3.18.0.jar;D:\maven-repositiry\org\projectlombok\lombok\1.18.12\lombok-1.18.12.jar;D:\maven-repositiry\tk\mybatis\mapper-spring-boot-starter\1.2.4\mapper-spring-boot-starter-1.2.4.jar;D:\maven-repositiry\org\springframework\boot\spring-boot-starter\2.3.3.RELEASE\spring-boot-starter-2.3.3.RELEASE.jar;D:\maven-repositiry\org\springframework\boot\spring-boot-starter-logging\2.3.3.RELEASE\spring-boot-starter-logging-2.3.3.RELEASE.jar;D:\maven-repositiry\org\apache\logging\log4j\log4j-to-slf4j\2.13.3\log4j-to-slf4j-2.13.3.jar;D:\maven-repositiry\org\apache\logging\log4j\log4j-api\2.13.3\log4j-api-2.13.3.jar;D:\maven-repositiry\org\slf4j\jul-to-slf4j\1.7.30\jul-to-slf4j-1.7.30.jar;D:\maven-repositiry\org\yaml\snakeyaml\1.26\snakeyaml-1.26.jar;D:\maven-repositiry\org\springframework\boot\spring-boot-starter-jdbc\2.3.3.RELEASE\spring-boot-starter-jdbc-2.3.3.RELEASE.jar;D:\maven-repositiry\com\zaxxer\HikariCP\3.4.5\HikariCP-3.4.5.jar;D:\maven-repositiry\org\springframework\spring-jdbc\5.2.8.RELEASE\spring-jdbc-5.2.8.RELEASE.jar;D:\maven-repositiry\org\mybatis\mybatis\3.4.5\mybatis-3.4.5.jar;D:\maven-repositiry\org\mybatis\mybatis-spring\1.3.1\mybatis-spring-1.3.1.jar;D:\maven-repositiry\tk\mybatis\mapper-spring-boot-autoconfigure\1.2.4\mapper-spring-boot-autoconfigure-1.2.4.jar;D:\maven-repositiry\tk\mybatis\mapper\3.5.3\mapper-3.5.3.jar;D:\maven-repositiry\javax\persistence\persistence-api\1.0\persistence-api-1.0.jar;D:\maven-repositiry\io\netty\netty-all\4.1.49.Final\netty-all-4.1.49.Final.jar;D:\maven-repositiry\org\springframework\boot\spring-boot-starter-data-redis\2.3.3.RELEASE\spring-boot-starter-data-redis-2.3.3.RELEASE.jar;D:\maven-repositiry\org\springframework\data\spring-data-redis\2.3.3.RELEASE\spring-data-redis-2.3.3.RELEASE.jar;D:\maven-repositiry\org\springframework\data\spring-data-keyvalue\2.3.3.RELEASE\spring-data-keyvalue-2.3.3.RELEASE.jar;D:\maven-repositiry\org\springframework\data\spring-data-commons\2.3.3.RELEASE\spring-data-commons-2.3.3.RELEASE.jar;D:\maven-repositiry\org\springframework\spring-tx\5.2.8.RELEASE\spring-tx-5.2.8.RELEASE.jar;D:\maven-repositiry\org\springframework\spring-oxm\5.2.8.RELEASE\spring-oxm-5.2.8.RELEASE.jar;D:\maven-repositiry\org\springframework\spring-context-support\5.2.8.RELEASE\spring-context-support-5.2.8.RELEASE.jar;D:\maven-repositiry\io\lettuce\lettuce-core\5.3.3.RELEASE\lettuce-core-5.3.3.RELEASE.jar;D:\maven-repositiry\io\netty\netty-common\4.1.51.Final\netty-common-4.1.51.Final.jar;D:\maven-repositiry\io\netty\netty-handler\4.1.51.Final\netty-handler-4.1.51.Final.jar;D:\maven-repositiry\io\netty\netty-resolver\4.1.51.Final\netty-resolver-4.1.51.Final.jar;D:\maven-repositiry\io\netty\netty-buffer\4.1.51.Final\netty-buffer-4.1.51.Final.jar;D:\maven-repositiry\io\netty\netty-codec\4.1.51.Final\netty-codec-4.1.51.Final.jar;D:\maven-repositiry\io\netty\netty-transport\4.1.51.Final\netty-transport-4.1.51.Final.jar;D:\maven-repositiry\io\projectreactor\reactor-core\3.3.9.RELEASE\reactor-core-3.3.9.RELEASE.jar;D:\maven-repositiry\org\reactivestreams\reactive-streams\1.0.3\reactive-streams-1.0.3.jar;D:\maven-repositiry\org\springframework\boot\spring-boot-starter-web\2.3.3.RELEASE\spring-boot-starter-web-2.3.3.RELEASE.jar;D:\maven-repositiry\org\springframework\boot\spring-boot-starter-json\2.3.3.RELEASE\spring-boot-starter-json-2.3.3.RELEASE.jar;D:\maven-repositiry\com\fasterxml\jackson\core\jackson-databind\2.11.2\jackson-databind-2.11.2.jar;D:\maven-repositiry\com\fasterxml\jackson\core\jackson-annotations\2.11.2\jackson-annotations-2.11.2.jar;D:\maven-repositiry\com\fasterxml\jackson\core\jackson-core\2.11.2\jackson-core-2.11.2.jar;D:\maven-repositiry\com\fasterxml\jackson\datatype\jackson-datatype-jdk8\2.11.2\jackson-datatype-jdk8-2.11.2.jar;D:\maven-repositiry\com\fasterxml\jackson\datatype\jackson-datatype-jsr310\2.11.2\jackson-datatype-jsr310-2.11.2.jar;D:\maven-repositiry\com\fasterxml\jackson\module\jackson-module-parameter-names\2.11.2\jackson-module-parameter-names-2.11.2.jar;D:\maven-repositiry\org\springframework\spring-web\5.2.8.RELEASE\spring-web-5.2.8.RELEASE.jar;D:\maven-repositiry\org\springframework\spring-webmvc\5.2.8.RELEASE\spring-webmvc-5.2.8.RELEASE.jar;D:\maven-repositiry\org\mybatis\spring\boot\mybatis-spring-boot-starter\2.1.3\mybatis-spring-boot-starter-2.1.3.jar;D:\maven-repositiry\org\mybatis\spring\boot\mybatis-spring-boot-autoconfigure\2.1.3\mybatis-spring-boot-autoconfigure-2.1.3.jar;D:\maven-repositiry\mysql\mysql-connector-java\8.0.21\mysql-connector-java-8.0.21.jar;D:\maven-repositiry\org\springframework\boot\spring-boot-starter-tomcat\2.3.3.RELEASE\spring-boot-starter-tomcat-2.3.3.RELEASE.jar;D:\maven-repositiry\jakarta\annotation\jakarta.annotation-api\1.3.5\jakarta.annotation-api-1.3.5.jar;D:\maven-repositiry\org\glassfish\jakarta.el\3.0.3\jakarta.el-3.0.3.jar;D:\maven-repositiry\org\apache\tomcat\embed\tomcat-embed-websocket\9.0.37\tomcat-embed-websocket-9.0.37.jar;D:\maven-repositiry\org\springframework\boot\spring-boot-starter-test\2.3.3.RELEASE\spring-boot-starter-test-2.3.3.RELEASE.jar;D:\maven-repositiry\org\springframework\boot\spring-boot-test\2.3.3.RELEASE\spring-boot-test-2.3.3.RELEASE.jar;D:\maven-repositiry\org\springframework\boot\spring-boot-test-autoconfigure\2.3.3.RELEASE\spring-boot-test-autoconfigure-2.3.3.RELEASE.jar;D:\maven-repositiry\com\jayway\jsonpath\json-path\2.4.0\json-path-2.4.0.jar;D:\maven-repositiry\net\minidev\json-smart\2.3\json-smart-2.3.jar;D:\maven-repositiry\net\minidev\accessors-smart\1.2\accessors-smart-1.2.jar;D:\maven-repositiry\org\ow2\asm\asm\5.0.4\asm-5.0.4.jar;D:\maven-repositiry\jakarta\xml\bind\jakarta.xml.bind-api\2.3.3\jakarta.xml.bind-api-2.3.3.jar;D:\maven-repositiry\jakarta\activation\jakarta.activation-api\1.2.2\jakarta.activation-api-1.2.2.jar;D:\maven-repositiry\org\assertj\assertj-core\3.16.1\assertj-core-3.16.1.jar;D:\maven-repositiry\org\hamcrest\hamcrest\2.2\hamcrest-2.2.jar;D:\maven-repositiry\org\junit\jupiter\junit-jupiter\5.6.2\junit-jupiter-5.6.2.jar;D:\maven-repositiry\org\junit\jupiter\junit-jupiter-api\5.6.2\junit-jupiter-api-5.6.2.jar;D:\maven-repositiry\org\apiguardian\apiguardian-api\1.1.0\apiguardian-api-1.1.0.jar;D:\maven-repositiry\org\opentest4j\opentest4j\1.2.0\opentest4j-1.2.0.jar;D:\maven-repositiry\org\junit\platform\junit-platform-commons\1.6.2\junit-platform-commons-1.6.2.jar;D:\maven-repositiry\org\junit\jupiter\junit-jupiter-params\5.6.2\junit-jupiter-params-5.6.2.jar;D:\maven-repositiry\org\junit\jupiter\junit-jupiter-engine\5.6.2\junit-jupiter-engine-5.6.2.jar;D:\maven-repositiry\org\junit\platform\junit-platform-engine\1.6.2\junit-platform-engine-1.6.2.jar;D:\maven-repositiry\org\mockito\mockito-core\3.3.3\mockito-core-3.3.3.jar;D:\maven-repositiry\net\bytebuddy\byte-buddy\1.10.14\byte-buddy-1.10.14.jar;D:\maven-repositiry\net\bytebuddy\byte-buddy-agent\1.10.14\byte-buddy-agent-1.10.14.jar;D:\maven-repositiry\org\objenesis\objenesis\2.6\objenesis-2.6.jar;D:\maven-repositiry\org\mockito\mockito-junit-jupiter\3.3.3\mockito-junit-jupiter-3.3.3.jar;D:\maven-repositiry\org\skyscreamer\jsonassert\1.5.0\jsonassert-1.5.0.jar;D:\maven-repositiry\com\vaadin\external\google\android-json\0.0.20131108.vaadin1\android-json-0.0.20131108.vaadin1.jar;D:\maven-repositiry\org\xmlunit\xmlunit-core\2.7.0\xmlunit-core-2.7.0.jar;D:\maven-repositiry\org\springframework\spring-test\5.2.8.RELEASE\spring-test-5.2.8.RELEASE.jar;"/>
    <property name="java.vm.vendor" value="Oracle Corporation"/>
    <property name="sun.arch.data.model" value="64"/>
    <property name="user.variant" value=""/>
    <property name="java.vendor.url" value="http://java.oracle.com/"/>
    <property name="user.timezone" value="Asia/Shanghai"/>
    <property name="java.vm.specification.version" value="1.8"/>
    <property name="os.name" value="Windows 10"/>
    <property name="user.country" value="CN"/>
    <property name="sun.java.launcher" value="SUN_STANDARD"/>
    <property name="sun.boot.library.path" value="D:\Program Files\Java\jdk1.8.0_201\jre\bin"/>
    <property name="sun.java.command" value="C:\Users\13014\AppData\Local\Temp\surefire8608112029373746494\surefirebooter6091022084077550392.jar C:\Users\13014\AppData\Local\Temp\surefire8608112029373746494 2020-09-27T19-45-26_509-jvmRun1 surefire4804928109527057592tmp surefire_04899355235486781655tmp"/>
    <property name="surefire.test.class.path" value="D:\bilili-springboot\im_sys\target\test-classes;D:\bilili-springboot\im_sys\target\classes;D:\maven-repositiry\org\springframework\boot\spring-boot-devtools\2.3.3.RELEASE\spring-boot-devtools-2.3.3.RELEASE.jar;D:\maven-repositiry\org\springframework\boot\spring-boot\2.3.3.RELEASE\spring-boot-2.3.3.RELEASE.jar;D:\maven-repositiry\org\springframework\boot\spring-boot-autoconfigure\2.3.3.RELEASE\spring-boot-autoconfigure-2.3.3.RELEASE.jar;D:\maven-repositiry\com\github\tobato\fastdfs-client\1.27.2\fastdfs-client-1.27.2.jar;D:\maven-repositiry\org\slf4j\slf4j-api\1.7.30\slf4j-api-1.7.30.jar;D:\maven-repositiry\org\slf4j\jcl-over-slf4j\1.7.30\jcl-over-slf4j-1.7.30.jar;D:\maven-repositiry\ch\qos\logback\logback-classic\1.2.3\logback-classic-1.2.3.jar;D:\maven-repositiry\ch\qos\logback\logback-core\1.2.3\logback-core-1.2.3.jar;D:\maven-repositiry\org\apache\commons\commons-lang3\3.10\commons-lang3-3.10.jar;D:\maven-repositiry\commons-beanutils\commons-beanutils\1.9.3\commons-beanutils-1.9.3.jar;D:\maven-repositiry\commons-collections\commons-collections\3.2.2\commons-collections-3.2.2.jar;D:\maven-repositiry\commons-io\commons-io\2.4\commons-io-2.4.jar;D:\maven-repositiry\org\apache\commons\commons-pool2\2.8.1\commons-pool2-2.8.1.jar;D:\maven-repositiry\org\springframework\spring-core\5.2.8.RELEASE\spring-core-5.2.8.RELEASE.jar;D:\maven-repositiry\org\springframework\spring-jcl\5.2.8.RELEASE\spring-jcl-5.2.8.RELEASE.jar;D:\maven-repositiry\org\hibernate\validator\hibernate-validator\6.1.5.Final\hibernate-validator-6.1.5.Final.jar;D:\maven-repositiry\jakarta\validation\jakarta.validation-api\2.0.2\jakarta.validation-api-2.0.2.jar;D:\maven-repositiry\org\jboss\logging\jboss-logging\3.4.1.Final\jboss-logging-3.4.1.Final.jar;D:\maven-repositiry\com\fasterxml\classmate\1.5.1\classmate-1.5.1.jar;D:\maven-repositiry\org\springframework\spring-context\5.2.8.RELEASE\spring-context-5.2.8.RELEASE.jar;D:\maven-repositiry\org\springframework\spring-aop\5.2.8.RELEASE\spring-aop-5.2.8.RELEASE.jar;D:\maven-repositiry\org\springframework\spring-beans\5.2.8.RELEASE\spring-beans-5.2.8.RELEASE.jar;D:\maven-repositiry\org\springframework\spring-expression\5.2.8.RELEASE\spring-expression-5.2.8.RELEASE.jar;D:\maven-repositiry\net\coobird\thumbnailator\0.4.8\thumbnailator-0.4.8.jar;D:\maven-repositiry\com\google\zxing\javase\3.3.0\javase-3.3.0.jar;D:\maven-repositiry\com\google\zxing\core\3.3.0\core-3.3.0.jar;D:\maven-repositiry\com\beust\jcommander\1.48\jcommander-1.48.jar;D:\maven-repositiry\com\github\jai-imageio\jai-imageio-core\1.3.1\jai-imageio-core-1.3.1.jar;D:\maven-repositiry\com\alibaba\druid\1.1.21\druid-1.1.21.jar;D:\maven-repositiry\javax\servlet\javax.servlet-api\4.0.1\javax.servlet-api-4.0.1.jar;D:\maven-repositiry\javax\servlet\jstl\1.2\jstl-1.2.jar;D:\maven-repositiry\org\apache\tomcat\embed\tomcat-embed-jasper\9.0.37\tomcat-embed-jasper-9.0.37.jar;D:\maven-repositiry\org\apache\tomcat\embed\tomcat-embed-core\9.0.37\tomcat-embed-core-9.0.37.jar;D:\maven-repositiry\org\apache\tomcat\tomcat-annotations-api\9.0.37\tomcat-annotations-api-9.0.37.jar;D:\maven-repositiry\org\apache\tomcat\embed\tomcat-embed-el\9.0.37\tomcat-embed-el-9.0.37.jar;D:\maven-repositiry\org\eclipse\jdt\ecj\3.18.0\ecj-3.18.0.jar;D:\maven-repositiry\org\projectlombok\lombok\1.18.12\lombok-1.18.12.jar;D:\maven-repositiry\tk\mybatis\mapper-spring-boot-starter\1.2.4\mapper-spring-boot-starter-1.2.4.jar;D:\maven-repositiry\org\springframework\boot\spring-boot-starter\2.3.3.RELEASE\spring-boot-starter-2.3.3.RELEASE.jar;D:\maven-repositiry\org\springframework\boot\spring-boot-starter-logging\2.3.3.RELEASE\spring-boot-starter-logging-2.3.3.RELEASE.jar;D:\maven-repositiry\org\apache\logging\log4j\log4j-to-slf4j\2.13.3\log4j-to-slf4j-2.13.3.jar;D:\maven-repositiry\org\apache\logging\log4j\log4j-api\2.13.3\log4j-api-2.13.3.jar;D:\maven-repositiry\org\slf4j\jul-to-slf4j\1.7.30\jul-to-slf4j-1.7.30.jar;D:\maven-repositiry\org\yaml\snakeyaml\1.26\snakeyaml-1.26.jar;D:\maven-repositiry\org\springframework\boot\spring-boot-starter-jdbc\2.3.3.RELEASE\spring-boot-starter-jdbc-2.3.3.RELEASE.jar;D:\maven-repositiry\com\zaxxer\HikariCP\3.4.5\HikariCP-3.4.5.jar;D:\maven-repositiry\org\springframework\spring-jdbc\5.2.8.RELEASE\spring-jdbc-5.2.8.RELEASE.jar;D:\maven-repositiry\org\mybatis\mybatis\3.4.5\mybatis-3.4.5.jar;D:\maven-repositiry\org\mybatis\mybatis-spring\1.3.1\mybatis-spring-1.3.1.jar;D:\maven-repositiry\tk\mybatis\mapper-spring-boot-autoconfigure\1.2.4\mapper-spring-boot-autoconfigure-1.2.4.jar;D:\maven-repositiry\tk\mybatis\mapper\3.5.3\mapper-3.5.3.jar;D:\maven-repositiry\javax\persistence\persistence-api\1.0\persistence-api-1.0.jar;D:\maven-repositiry\io\netty\netty-all\4.1.49.Final\netty-all-4.1.49.Final.jar;D:\maven-repositiry\org\springframework\boot\spring-boot-starter-data-redis\2.3.3.RELEASE\spring-boot-starter-data-redis-2.3.3.RELEASE.jar;D:\maven-repositiry\org\springframework\data\spring-data-redis\2.3.3.RELEASE\spring-data-redis-2.3.3.RELEASE.jar;D:\maven-repositiry\org\springframework\data\spring-data-keyvalue\2.3.3.RELEASE\spring-data-keyvalue-2.3.3.RELEASE.jar;D:\maven-repositiry\org\springframework\data\spring-data-commons\2.3.3.RELEASE\spring-data-commons-2.3.3.RELEASE.jar;D:\maven-repositiry\org\springframework\spring-tx\5.2.8.RELEASE\spring-tx-5.2.8.RELEASE.jar;D:\maven-repositiry\org\springframework\spring-oxm\5.2.8.RELEASE\spring-oxm-5.2.8.RELEASE.jar;D:\maven-repositiry\org\springframework\spring-context-support\5.2.8.RELEASE\spring-context-support-5.2.8.RELEASE.jar;D:\maven-repositiry\io\lettuce\lettuce-core\5.3.3.RELEASE\lettuce-core-5.3.3.RELEASE.jar;D:\maven-repositiry\io\netty\netty-common\4.1.51.Final\netty-common-4.1.51.Final.jar;D:\maven-repositiry\io\netty\netty-handler\4.1.51.Final\netty-handler-4.1.51.Final.jar;D:\maven-repositiry\io\netty\netty-resolver\4.1.51.Final\netty-resolver-4.1.51.Final.jar;D:\maven-repositiry\io\netty\netty-buffer\4.1.51.Final\netty-buffer-4.1.51.Final.jar;D:\maven-repositiry\io\netty\netty-codec\4.1.51.Final\netty-codec-4.1.51.Final.jar;D:\maven-repositiry\io\netty\netty-transport\4.1.51.Final\netty-transport-4.1.51.Final.jar;D:\maven-repositiry\io\projectreactor\reactor-core\3.3.9.RELEASE\reactor-core-3.3.9.RELEASE.jar;D:\maven-repositiry\org\reactivestreams\reactive-streams\1.0.3\reactive-streams-1.0.3.jar;D:\maven-repositiry\org\springframework\boot\spring-boot-starter-web\2.3.3.RELEASE\spring-boot-starter-web-2.3.3.RELEASE.jar;D:\maven-repositiry\org\springframework\boot\spring-boot-starter-json\2.3.3.RELEASE\spring-boot-starter-json-2.3.3.RELEASE.jar;D:\maven-repositiry\com\fasterxml\jackson\core\jackson-databind\2.11.2\jackson-databind-2.11.2.jar;D:\maven-repositiry\com\fasterxml\jackson\core\jackson-annotations\2.11.2\jackson-annotations-2.11.2.jar;D:\maven-repositiry\com\fasterxml\jackson\core\jackson-core\2.11.2\jackson-core-2.11.2.jar;D:\maven-repositiry\com\fasterxml\jackson\datatype\jackson-datatype-jdk8\2.11.2\jackson-datatype-jdk8-2.11.2.jar;D:\maven-repositiry\com\fasterxml\jackson\datatype\jackson-datatype-jsr310\2.11.2\jackson-datatype-jsr310-2.11.2.jar;D:\maven-repositiry\com\fasterxml\jackson\module\jackson-module-parameter-names\2.11.2\jackson-module-parameter-names-2.11.2.jar;D:\maven-repositiry\org\springframework\spring-web\5.2.8.RELEASE\spring-web-5.2.8.RELEASE.jar;D:\maven-repositiry\org\springframework\spring-webmvc\5.2.8.RELEASE\spring-webmvc-5.2.8.RELEASE.jar;D:\maven-repositiry\org\mybatis\spring\boot\mybatis-spring-boot-starter\2.1.3\mybatis-spring-boot-starter-2.1.3.jar;D:\maven-repositiry\org\mybatis\spring\boot\mybatis-spring-boot-autoconfigure\2.1.3\mybatis-spring-boot-autoconfigure-2.1.3.jar;D:\maven-repositiry\mysql\mysql-connector-java\8.0.21\mysql-connector-java-8.0.21.jar;D:\maven-repositiry\org\springframework\boot\spring-boot-starter-tomcat\2.3.3.RELEASE\spring-boot-starter-tomcat-2.3.3.RELEASE.jar;D:\maven-repositiry\jakarta\annotation\jakarta.annotation-api\1.3.5\jakarta.annotation-api-1.3.5.jar;D:\maven-repositiry\org\glassfish\jakarta.el\3.0.3\jakarta.el-3.0.3.jar;D:\maven-repositiry\org\apache\tomcat\embed\tomcat-embed-websocket\9.0.37\tomcat-embed-websocket-9.0.37.jar;D:\maven-repositiry\org\springframework\boot\spring-boot-starter-test\2.3.3.RELEASE\spring-boot-starter-test-2.3.3.RELEASE.jar;D:\maven-repositiry\org\springframework\boot\spring-boot-test\2.3.3.RELEASE\spring-boot-test-2.3.3.RELEASE.jar;D:\maven-repositiry\org\springframework\boot\spring-boot-test-autoconfigure\2.3.3.RELEASE\spring-boot-test-autoconfigure-2.3.3.RELEASE.jar;D:\maven-repositiry\com\jayway\jsonpath\json-path\2.4.0\json-path-2.4.0.jar;D:\maven-repositiry\net\minidev\json-smart\2.3\json-smart-2.3.jar;D:\maven-repositiry\net\minidev\accessors-smart\1.2\accessors-smart-1.2.jar;D:\maven-repositiry\org\ow2\asm\asm\5.0.4\asm-5.0.4.jar;D:\maven-repositiry\jakarta\xml\bind\jakarta.xml.bind-api\2.3.3\jakarta.xml.bind-api-2.3.3.jar;D:\maven-repositiry\jakarta\activation\jakarta.activation-api\1.2.2\jakarta.activation-api-1.2.2.jar;D:\maven-repositiry\org\assertj\assertj-core\3.16.1\assertj-core-3.16.1.jar;D:\maven-repositiry\org\hamcrest\hamcrest\2.2\hamcrest-2.2.jar;D:\maven-repositiry\org\junit\jupiter\junit-jupiter\5.6.2\junit-jupiter-5.6.2.jar;D:\maven-repositiry\org\junit\jupiter\junit-jupiter-api\5.6.2\junit-jupiter-api-5.6.2.jar;D:\maven-repositiry\org\apiguardian\apiguardian-api\1.1.0\apiguardian-api-1.1.0.jar;D:\maven-repositiry\org\opentest4j\opentest4j\1.2.0\opentest4j-1.2.0.jar;D:\maven-repositiry\org\junit\platform\junit-platform-commons\1.6.2\junit-platform-commons-1.6.2.jar;D:\maven-repositiry\org\junit\jupiter\junit-jupiter-params\5.6.2\junit-jupiter-params-5.6.2.jar;D:\maven-repositiry\org\junit\jupiter\junit-jupiter-engine\5.6.2\junit-jupiter-engine-5.6.2.jar;D:\maven-repositiry\org\junit\platform\junit-platform-engine\1.6.2\junit-platform-engine-1.6.2.jar;D:\maven-repositiry\org\mockito\mockito-core\3.3.3\mockito-core-3.3.3.jar;D:\maven-repositiry\net\bytebuddy\byte-buddy\1.10.14\byte-buddy-1.10.14.jar;D:\maven-repositiry\net\bytebuddy\byte-buddy-agent\1.10.14\byte-buddy-agent-1.10.14.jar;D:\maven-repositiry\org\objenesis\objenesis\2.6\objenesis-2.6.jar;D:\maven-repositiry\org\mockito\mockito-junit-jupiter\3.3.3\mockito-junit-jupiter-3.3.3.jar;D:\maven-repositiry\org\skyscreamer\jsonassert\1.5.0\jsonassert-1.5.0.jar;D:\maven-repositiry\com\vaadin\external\google\android-json\0.0.20131108.vaadin1\android-json-0.0.20131108.vaadin1.jar;D:\maven-repositiry\org\xmlunit\xmlunit-core\2.7.0\xmlunit-core-2.7.0.jar;D:\maven-repositiry\org\springframework\spring-test\5.2.8.RELEASE\spring-test-5.2.8.RELEASE.jar;"/>
    <property name="sun.cpu.endian" value="little"/>
    <property name="user.home" value="C:\Users\13014"/>
    <property name="user.language" value="zh"/>
    <property name="java.specification.vendor" value="Oracle Corporation"/>
    <property name="java.home" value="D:\Program Files\Java\jdk1.8.0_201\jre"/>
    <property name="basedir" value="D:\bilili-springboot\im_sys"/>
    <property name="file.separator" value="\"/>
    <property name="line.separator" value="&#10;"/>
    <property name="java.vm.specification.vendor" value="Oracle Corporation"/>
    <property name="java.specification.name" value="Java Platform API Specification"/>
    <property name="java.awt.graphicsenv" value="sun.awt.Win32GraphicsEnvironment"/>
    <property name="surefire.real.class.path" value="C:\Users\13014\AppData\Local\Temp\surefire8608112029373746494\surefirebooter6091022084077550392.jar"/>
    <property name="sun.boot.class.path" value="D:\Program Files\Java\jdk1.8.0_201\jre\lib\resources.jar;D:\Program Files\Java\jdk1.8.0_201\jre\lib\rt.jar;D:\Program Files\Java\jdk1.8.0_201\jre\lib\sunrsasign.jar;D:\Program Files\Java\jdk1.8.0_201\jre\lib\jsse.jar;D:\Program Files\Java\jdk1.8.0_201\jre\lib\jce.jar;D:\Program Files\Java\jdk1.8.0_201\jre\lib\charsets.jar;D:\Program Files\Java\jdk1.8.0_201\jre\lib\jfr.jar;D:\Program Files\Java\jdk1.8.0_201\jre\classes"/>
    <property name="user.script" value=""/>
    <property name="sun.management.compiler" value="HotSpot 64-Bit Tiered Compilers"/>
    <property name="java.runtime.version" value="1.8.0_201-b09"/>
    <property name="user.name" value="13014"/>
    <property name="path.separator" value=";"/>
    <property name="os.version" value="10.0"/>
    <property name="java.endorsed.dirs" value="D:\Program Files\Java\jdk1.8.0_201\jre\lib\endorsed"/>
    <property name="java.runtime.name" value="Java(TM) SE Runtime Environment"/>
    <property name="file.encoding" value="GBK"/>
    <property name="java.vm.name" value="Java HotSpot(TM) 64-Bit Server VM"/>
    <property name="localRepository" value="D:\maven-repositiry"/>
    <property name="java.vendor.url.bug" value="http://bugreport.sun.com/bugreport/"/>
    <property name="java.io.tmpdir" value="C:\Users\13014\AppData\Local\Temp\"/>
    <property name="idea.version" value="2020.2.2"/>
    <property name="java.version" value="1.8.0_201"/>
    <property name="user.dir" value="D:\bilili-springboot\im_sys"/>
    <property name="os.arch" value="amd64"/>
    <property name="java.vm.specification.name" value="Java Virtual Machine Specification"/>
    <property name="java.awt.printerjob" value="sun.awt.windows.WPrinterJob"/>
    <property name="sun.os.patch.level" value=""/>
    <property name="java.library.path" value="D:\Program Files\Java\jdk1.8.0_201\jre\bin;C:\WINDOWS\Sun\Java\bin;C:\WINDOWS\system32;C:\WINDOWS;D:\Program Files (x86)\NetSarang\Xshell 6\;C:\WINDOWS\system32;C:\WINDOWS;C:\WINDOWS\System32\Wbem;C:\WINDOWS\System32\WindowsPowerShell\v1.0\;C:\WINDOWS\System32\OpenSSH\;D:\Program Files\Java\jdk1.8.0_201\bin;D:\Program Files\Java\jdk1.8.0_201\jre\bin;C:\Users\13014\Desktop\app;D:\Program Files\HBuilderX\plugins\launcher\tools\adbs;C:\Users\13014\AppData\Local\Microsoft\WindowsApps;;d:\Program Files\JetBrains\IntelliJ IDEA 2020.2.1\bin;;C:\Program Files\Bandizip\;."/>
    <property name="java.vm.info" value="mixed mode"/>
    <property name="java.vendor" value="Oracle Corporation"/>
    <property name="java.vm.version" value="25.201-b09"/>
    <property name="java.ext.dirs" value="D:\Program Files\Java\jdk1.8.0_201\jre\lib\ext;C:\WINDOWS\Sun\Java\lib\ext"/>
    <property name="sun.io.unicode.encoding" value="UnicodeLittle"/>
    <property name="java.class.version" value="52.0"/>
  </properties>
  <testcase name="contextLoads" classname="com.lhq.ImSysApplicationTests" time="0.369"/>
</testsuite>